<?xml version="1.0" encoding="UTF-8" standalone="yes"?>
<ns2:test-suite start="1538427841624" stop="1538427843762" version="1.5.4" xmlns:ns2="urn:model.allure.qatools.yandex.ru">
    <name>Default Suite : finance</name>
    <title>Default Suite : finance</title>
    <test-cases>
        <test-case start="1538427841797" stop="1538427843776" status="broken">
            <name>testFinance</name>
            <failure>
                <message>WebDriverException: java.io.IOException: unexpected end of stream on Connection{localhost:3024, proxy=DIRECT hostAddress=localhost/127.0.0.1:3024 cipherSuite=none protocol=http/1.1}
Build info: version: '3.14.0', revision: 'aacccce0', time: '2018-08-02T20:19:58.91Z'
System info: host: 'skywalker', ip: '127.0.1.1', os.name: 'Linux', os.arch: 'amd64', os.version: '4.10.0-38-generic', java.version: '1.8.0_161'
Driver info: driver.version: ChromeDriver
selenide.url: https://finance.google.com/finance
selenide.baseUrl: http://localhost:8080</message>
                <stack-trace>org.openqa.selenium.WebDriverException: java.io.IOException: unexpected end of stream on Connection{localhost:3024, proxy=DIRECT hostAddress=localhost/127.0.0.1:3024 cipherSuite=none protocol=http/1.1}
Build info: version: '3.14.0', revision: 'aacccce0', time: '2018-08-02T20:19:58.91Z'
System info: host: 'skywalker', ip: '127.0.1.1', os.name: 'Linux', os.arch: 'amd64', os.version: '4.10.0-38-generic', java.version: '1.8.0_161'
Driver info: driver.version: ChromeDriver
selenide.url: https://finance.google.com/finance
selenide.baseUrl: http://localhost:8080
	at org.openqa.selenium.remote.service.DriverCommandExecutor.execute(DriverCommandExecutor.java:92)
	at org.openqa.selenium.remote.RemoteWebDriver.execute(RemoteWebDriver.java:548)
	at org.openqa.selenium.remote.RemoteWebDriver.startSession(RemoteWebDriver.java:212)
	at org.openqa.selenium.remote.RemoteWebDriver.&lt;init&gt;(RemoteWebDriver.java:130)
	at org.openqa.selenium.chrome.ChromeDriver.&lt;init&gt;(ChromeDriver.java:181)
	at org.openqa.selenium.chrome.ChromeDriver.&lt;init&gt;(ChromeDriver.java:168)
	at org.openqa.selenium.chrome.ChromeDriver.&lt;init&gt;(ChromeDriver.java:157)
	at com.codeborne.selenide.webdriver.ChromeDriverFactory.create(ChromeDriverFactory.java:27)
	at com.codeborne.selenide.webdriver.WebDriverFactory.lambda$createWebDriver$0(WebDriverFactory.java:61)
	at java.util.Optional.map(Optional.java:215)
	at com.codeborne.selenide.webdriver.WebDriverFactory.createWebDriver(WebDriverFactory.java:61)
	at com.codeborne.selenide.impl.WebDriverThreadLocalContainer.createDriver(WebDriverThreadLocalContainer.java:230)
	at com.codeborne.selenide.impl.WebDriverThreadLocalContainer.getAndCheckWebDriver(WebDriverThreadLocalContainer.java:116)
	at com.codeborne.selenide.WebDriverRunner.getAndCheckWebDriver(WebDriverRunner.java:134)
	at com.codeborne.selenide.impl.Navigator.navigateTo(Navigator.java:66)
	at com.codeborne.selenide.impl.Navigator.open(Navigator.java:38)
	at com.codeborne.selenide.Selenide.open(Selenide.java:80)
	at com.codeborne.selenide.Selenide.open(Selenide.java:56)
	at AbstractPage.&lt;init&gt;(AbstractPage.java:28)
	at FinancePage.&lt;init&gt;(FinancePage.java:52)
	at FinanceBO.&lt;init&gt;(FinanceBO.java:24)
	at FinanceTest.testFinance(FinanceTest.java:26)
	at sun.reflect.NativeMethodAccessorImpl.invoke0(Native Method)
	at sun.reflect.NativeMethodAccessorImpl.invoke(NativeMethodAccessorImpl.java:62)
	at sun.reflect.DelegatingMethodAccessorImpl.invoke(DelegatingMethodAccessorImpl.java:43)
	at java.lang.reflect.Method.invoke(Method.java:498)
	at org.testng.internal.MethodInvocationHelper.invokeMethod(MethodInvocationHelper.java:124)
	at org.testng.internal.Invoker.invokeMethod(Invoker.java:583)
	at org.testng.internal.Invoker.invokeTestMethod(Invoker.java:719)
	at org.testng.internal.Invoker.invokeTestMethods(Invoker.java:989)
	at org.testng.internal.TestMethodWorker.invokeTestMethods(TestMethodWorker.java:125)
	at org.testng.internal.TestMethodWorker.run(TestMethodWorker.java:109)
	at org.testng.TestRunner.privateRun(TestRunner.java:648)
	at org.testng.TestRunner.run(TestRunner.java:505)
	at org.testng.SuiteRunner.runTest(SuiteRunner.java:455)
	at org.testng.SuiteRunner.runSequentially(SuiteRunner.java:450)
	at org.testng.SuiteRunner.privateRun(SuiteRunner.java:415)
	at org.testng.SuiteRunner.run(SuiteRunner.java:364)
	at org.testng.SuiteRunnerWorker.runSuite(SuiteRunnerWorker.java:52)
	at org.testng.SuiteRunnerWorker.run(SuiteRunnerWorker.java:84)
	at org.testng.TestNG.runSuitesSequentially(TestNG.java:1208)
	at org.testng.TestNG.runSuitesLocally(TestNG.java:1137)
	at org.testng.TestNG.runSuites(TestNG.java:1049)
	at org.testng.TestNG.run(TestNG.java:1017)
	at org.testng.IDEARemoteTestNG.run(IDEARemoteTestNG.java:72)
	at org.testng.RemoteTestNGStarter.main(RemoteTestNGStarter.java:123)
Caused by: java.io.IOException: unexpected end of stream on Connection{localhost:3024, proxy=DIRECT hostAddress=localhost/127.0.0.1:3024 cipherSuite=none protocol=http/1.1}
	at okhttp3.internal.http1.Http1Codec.readResponseHeaders(Http1Codec.java:208)
	at okhttp3.internal.http.CallServerInterceptor.intercept(CallServerInterceptor.java:88)
	at okhttp3.internal.http.RealInterceptorChain.proceed(RealInterceptorChain.java:147)
	at okhttp3.internal.connection.ConnectInterceptor.intercept(ConnectInterceptor.java:45)
	at okhttp3.internal.http.RealInterceptorChain.proceed(RealInterceptorChain.java:147)
	at okhttp3.internal.http.RealInterceptorChain.proceed(RealInterceptorChain.java:121)
	at okhttp3.internal.cache.CacheInterceptor.intercept(CacheInterceptor.java:93)
	at okhttp3.internal.http.RealInterceptorChain.proceed(RealInterceptorChain.java:147)
	at okhttp3.internal.http.RealInterceptorChain.proceed(RealInterceptorChain.java:121)
	at okhttp3.internal.http.BridgeInterceptor.intercept(BridgeInterceptor.java:93)
	at okhttp3.internal.http.RealInterceptorChain.proceed(RealInterceptorChain.java:147)
	at okhttp3.internal.http.RetryAndFollowUpInterceptor.intercept(RetryAndFollowUpInterceptor.java:126)
	at okhttp3.internal.http.RealInterceptorChain.proceed(RealInterceptorChain.java:147)
	at okhttp3.internal.http.RealInterceptorChain.proceed(RealInterceptorChain.java:121)
	at okhttp3.RealCall.getResponseWithInterceptorChain(RealCall.java:200)
	at okhttp3.RealCall.execute(RealCall.java:77)
	at org.openqa.selenium.remote.internal.OkHttpClient.execute(OkHttpClient.java:105)
	at org.openqa.selenium.remote.ProtocolHandshake.createSession(ProtocolHandshake.java:101)
	at org.openqa.selenium.remote.ProtocolHandshake.createSession(ProtocolHandshake.java:73)
	at org.openqa.selenium.remote.HttpCommandExecutor.execute(HttpCommandExecutor.java:136)
	at org.openqa.selenium.remote.service.DriverCommandExecutor.execute(DriverCommandExecutor.java:83)
	... 45 more
Caused by: java.io.EOFException: \n not found: limit=0 content=â€¦
	at okio.RealBufferedSource.readUtf8LineStrict(RealBufferedSource.java:237)
	at okhttp3.internal.http1.Http1Codec.readHeaderLine(Http1Codec.java:215)
	at okhttp3.internal.http1.Http1Codec.readResponseHeaders(Http1Codec.java:189)
	... 65 more
</stack-trace>
            </failure>
            <steps/>
            <attachments/>
            <labels>
                <label name="testSuite" value="Default Suite"/>
                <label name="testGroup" value="finance"/>
                <label name="testClass" value="FinanceTest"/>
                <label name="testMethod" value="testFinance"/>
                <label name="host" value="skywalker"/>
                <label name="thread" value="22869@skywalker.main(1)"/>
            </labels>
        </test-case>
        <test-case start="1538427841624" stop="1538427843759" status="broken">
            <name>Default Suite : finance</name>
            <title>Default Suite : finance</title>
            <failure>
                <message>Test suite was interrupted, some test cases may be lost</message>
            </failure>
        </test-case>
    </test-cases>
    <labels>
        <label name="framework" value="TestNG"/>
        <label name="language" value="JAVA"/>
    </labels>
</ns2:test-suite>
