<?xml version="1.0" encoding="UTF-8" standalone="yes"?>
<ns2:test-suite start="1538425898971" stop="1538425907866" version="1.5.4" xmlns:ns2="urn:model.allure.qatools.yandex.ru">
    <name>Default Suite : finance</name>
    <title>Default Suite : finance</title>
    <test-cases>
        <test-case start="1538425899129" stop="1538425907861" status="broken">
            <name>testFinance</name>
            <failure>
                <message>IndexOutOfBoundsException: Index: 5, Size: 5</message>
                <stack-trace>java.lang.IndexOutOfBoundsException: Index: 5, Size: 5
	at java.util.ArrayList.rangeCheck(ArrayList.java:657)
	at java.util.ArrayList.get(ArrayList.java:433)
	at DBProcessor.updatePriceChanges(DBProcessor.java:49)
	at FinanceBO.savePriceChanges(FinanceBO.java:46)
	at FinanceTest.testFinance(FinanceTest.java:27)
	at sun.reflect.NativeMethodAccessorImpl.invoke0(Native Method)
	at sun.reflect.NativeMethodAccessorImpl.invoke(NativeMethodAccessorImpl.java:62)
	at sun.reflect.DelegatingMethodAccessorImpl.invoke(DelegatingMethodAccessorImpl.java:43)
	at java.lang.reflect.Method.invoke(Method.java:498)
	at org.testng.internal.MethodInvocationHelper.invokeMethod(MethodInvocationHelper.java:124)
	at org.testng.internal.Invoker.invokeMethod(Invoker.java:583)
	at org.testng.internal.Invoker.invokeTestMethod(Invoker.java:719)
	at org.testng.internal.Invoker.invokeTestMethods(Invoker.java:989)
	at org.testng.internal.TestMethodWorker.invokeTestMethods(TestMethodWorker.java:125)
	at org.testng.internal.TestMethodWorker.run(TestMethodWorker.java:109)
	at org.testng.TestRunner.privateRun(TestRunner.java:648)
	at org.testng.TestRunner.run(TestRunner.java:505)
	at org.testng.SuiteRunner.runTest(SuiteRunner.java:455)
	at org.testng.SuiteRunner.runSequentially(SuiteRunner.java:450)
	at org.testng.SuiteRunner.privateRun(SuiteRunner.java:415)
	at org.testng.SuiteRunner.run(SuiteRunner.java:364)
	at org.testng.SuiteRunnerWorker.runSuite(SuiteRunnerWorker.java:52)
	at org.testng.SuiteRunnerWorker.run(SuiteRunnerWorker.java:84)
	at org.testng.TestNG.runSuitesSequentially(TestNG.java:1208)
	at org.testng.TestNG.runSuitesLocally(TestNG.java:1137)
	at org.testng.TestNG.runSuites(TestNG.java:1049)
	at org.testng.TestNG.run(TestNG.java:1017)
	at org.testng.IDEARemoteTestNG.run(IDEARemoteTestNG.java:72)
	at org.testng.RemoteTestNGStarter.main(RemoteTestNGStarter.java:123)
</stack-trace>
            </failure>
            <steps>
                <step start="1538425906203" stop="1538425906360" status="passed">
                    <name>getIndexNameOf[0]</name>
                </step>
                <step start="1538425906361" stop="1538425906424" status="passed">
                    <name>getIndexNameOf[1]</name>
                </step>
                <step start="1538425906425" stop="1538425906479" status="passed">
                    <name>getIndexNameOf[2]</name>
                </step>
                <step start="1538425906480" stop="1538425906543" status="passed">
                    <name>getIndexNameOf[3]</name>
                </step>
                <step start="1538425906544" stop="1538425906592" status="passed">
                    <name>getIndexNameOf[4]</name>
                </step>
                <step start="1538425906601" stop="1538425906668" status="passed">
                    <name>getIndexAbsoluteChangeOf[0]</name>
                </step>
                <step start="1538425906669" stop="1538425906732" status="passed">
                    <name>getIndexAbsoluteChangeOf[1]</name>
                </step>
                <step start="1538425906733" stop="1538425906780" status="passed">
                    <name>getIndexAbsoluteChangeOf[2]</name>
                </step>
                <step start="1538425906780" stop="1538425906838" status="passed">
                    <name>getIndexAbsoluteChangeOf[3]</name>
                </step>
                <step start="1538425906839" stop="1538425906889" status="passed">
                    <name>getIndexAbsoluteChangeOf[4]</name>
                </step>
                <step start="1538425906891" stop="1538425906947" status="passed">
                    <name>getIndexRelativeChangeOf[0]</name>
                </step>
                <step start="1538425906947" stop="1538425906998" status="passed">
                    <name>getIndexRelativeChangeOf[1]</name>
                </step>
                <step start="1538425906999" stop="1538425907054" status="passed">
                    <name>getIndexRelativeChangeOf[2]</name>
                </step>
                <step start="1538425907054" stop="1538425907106" status="passed">
                    <name>getIndexRelativeChangeOf[3]</name>
                </step>
                <step start="1538425907107" stop="1538425907155" status="passed">
                    <name>getIndexRelativeChangeOf[4]</name>
                </step>
            </steps>
            <attachments/>
            <labels>
                <label name="testSuite" value="Default Suite"/>
                <label name="testGroup" value="finance"/>
                <label name="testClass" value="FinanceTest"/>
                <label name="testMethod" value="testFinance"/>
                <label name="host" value="skywalker"/>
                <label name="thread" value="16956@skywalker.main(1)"/>
            </labels>
        </test-case>
    </test-cases>
    <labels>
        <label name="framework" value="TestNG"/>
        <label name="language" value="JAVA"/>
    </labels>
</ns2:test-suite>
